-------------------------------------------------------------------------------
Test set: com.test.FundTransfer.FundTransferApplicationTests
-------------------------------------------------------------------------------
Tests run: 1, Failures: 0, Errors: 1, Skipped: 0, Time elapsed: 49.323 s <<< FAILURE! - in com.test.FundTransfer.FundTransferApplicationTests
contextLoads  Time elapsed: 0.016 s  <<< ERROR!
java.lang.IllegalStateException: Failed to load ApplicationContext
Caused by: org.springframework.beans.factory.BeanCreationException: Error creating bean with name 'entityManagerFactory' defined in class path resource [org/springframework/boot/autoconfigure/orm/jpa/HibernateJpaConfiguration.class]: Invocation of init method failed; nested exception is javax.persistence.PersistenceException: [PersistenceUnit: default] Unable to build Hibernate SessionFactory; nested exception is org.hibernate.MappingException: Could not determine type for: com.test.FundTransfer.model.Customer, at table: account, for columns: [org.hibernate.mapping.Column(customer)]
Caused by: javax.persistence.PersistenceException: [PersistenceUnit: default] Unable to build Hibernate SessionFactory; nested exception is org.hibernate.MappingException: Could not determine type for: com.test.FundTransfer.model.Customer, at table: account, for columns: [org.hibernate.mapping.Column(customer)]
Caused by: org.hibernate.MappingException: Could not determine type for: com.test.FundTransfer.model.Customer, at table: account, for columns: [org.hibernate.mapping.Column(customer)]

